The system is: Linux - 3.3.4-ck - x86_64
Compiling the C compiler identification source file "CMakeCCompilerId.c" succeeded.
Compiler: /usr/bin/gcc 
Build flags: 
Id flags: 

The output was:
0


Compilation of the C compiler identification source "CMakeCCompilerId.c" produced "a.out"

The C compiler identification is GNU, found in "/home/lovewilliam/Develop/Radio/WaveRadio/build/CMakeFiles/CompilerIdC/a.out"

Compiling the CXX compiler identification source file "CMakeCXXCompilerId.cpp" succeeded.
Compiler: /usr/bin/c++ 
Build flags: 
Id flags: 

The output was:
0


Compilation of the CXX compiler identification source "CMakeCXXCompilerId.cpp" produced "a.out"

The CXX compiler identification is GNU, found in "/home/lovewilliam/Develop/Radio/WaveRadio/build/CMakeFiles/CompilerIdCXX/a.out"

Determining if the C compiler works passed with the following output:
Change Dir: /home/lovewilliam/Develop/Radio/WaveRadio/build/CMakeFiles/CMakeTmp

Run Build Command:/usr/bin/gmake "cmTryCompileExec/fast"
/usr/bin/gmake -f CMakeFiles/cmTryCompileExec.dir/build.make CMakeFiles/cmTryCompileExec.dir/build
gmake[1]: Entering directory `/home/lovewilliam/Develop/Radio/WaveRadio/build/CMakeFiles/CMakeTmp'
/usr/bin/cmake -E cmake_progress_report /home/lovewilliam/Develop/Radio/WaveRadio/build/CMakeFiles/CMakeTmp/CMakeFiles 1
Building C object CMakeFiles/cmTryCompileExec.dir/testCCompiler.c.o
/usr/bin/gcc    -o CMakeFiles/cmTryCompileExec.dir/testCCompiler.c.o   -c /home/lovewilliam/Develop/Radio/WaveRadio/build/CMakeFiles/CMakeTmp/testCCompiler.c
Linking C executable cmTryCompileExec
/usr/bin/cmake -E cmake_link_script CMakeFiles/cmTryCompileExec.dir/link.txt --verbose=1
/usr/bin/gcc         CMakeFiles/cmTryCompileExec.dir/testCCompiler.c.o  -o cmTryCompileExec -rdynamic 
gmake[1]: Leaving directory `/home/lovewilliam/Develop/Radio/WaveRadio/build/CMakeFiles/CMakeTmp'


Detecting C compiler ABI info compiled with the following output:
Change Dir: /home/lovewilliam/Develop/Radio/WaveRadio/build/CMakeFiles/CMakeTmp

Run Build Command:/usr/bin/gmake "cmTryCompileExec/fast"
/usr/bin/gmake -f CMakeFiles/cmTryCompileExec.dir/build.make CMakeFiles/cmTryCompileExec.dir/build
gmake[1]: Entering directory `/home/lovewilliam/Develop/Radio/WaveRadio/build/CMakeFiles/CMakeTmp'
/usr/bin/cmake -E cmake_progress_report /home/lovewilliam/Develop/Radio/WaveRadio/build/CMakeFiles/CMakeTmp/CMakeFiles 1
Building C object CMakeFiles/cmTryCompileExec.dir/CMakeCCompilerABI.c.o
/usr/bin/gcc    -o CMakeFiles/cmTryCompileExec.dir/CMakeCCompilerABI.c.o   -c /usr/share/cmake/Modules/CMakeCCompilerABI.c
Linking C executable cmTryCompileExec
/usr/bin/cmake -E cmake_link_script CMakeFiles/cmTryCompileExec.dir/link.txt --verbose=1
/usr/bin/gcc       -v CMakeFiles/cmTryCompileExec.dir/CMakeCCompilerABI.c.o  -o cmTryCompileExec -rdynamic  
Using built-in specs.
COLLECT_GCC=/usr/x86_64-pc-linux-gnu/gcc-bin/4.5.3/gcc
COLLECT_LTO_WRAPPER=/usr/libexec/gcc/x86_64-pc-linux-gnu/4.5.3/lto-wrapper
Target: x86_64-pc-linux-gnu
Configured with: /var/tmp/portage/sys-devel/gcc-4.5.3-r2/work/gcc-4.5.3/configure --prefix=/usr --bindir=/usr/x86_64-pc-linux-gnu/gcc-bin/4.5.3 --includedir=/usr/lib/gcc/x86_64-pc-linux-gnu/4.5.3/include --datadir=/usr/share/gcc-data/x86_64-pc-linux-gnu/4.5.3 --mandir=/usr/share/gcc-data/x86_64-pc-linux-gnu/4.5.3/man --infodir=/usr/share/gcc-data/x86_64-pc-linux-gnu/4.5.3/info --with-gxx-include-dir=/usr/lib/gcc/x86_64-pc-linux-gnu/4.5.3/include/g++-v4 --host=x86_64-pc-linux-gnu --build=x86_64-pc-linux-gnu --disable-altivec --disable-fixed-point --without-ppl --without-cloog --enable-lto --enable-nls --without-included-gettext --with-system-zlib --enable-obsolete --disable-werror --enable-secureplt --enable-multilib --enable-libmudflap --disable-libssp --enable-libgomp --with-python-dir=/share/gcc-data/x86_64-pc-linux-gnu/4.5.3/python --enable-checking=release --disable-libgcj --enable-objc-gc --enable-languages=c,c++,objc,obj-c++,fortran --enable-shared --enable-threads=posix --enable-__cxa_atexit --enable-clocale=gnu --enable-targets=all --with-bugurl=http://bugs.gentoo.org/ --with-pkgversion='Gentoo 4.5.3-r2 p1.5, pie-0.4.7'
Thread model: posix
gcc version 4.5.3 (Gentoo 4.5.3-r2 p1.5, pie-0.4.7) 
COMPILER_PATH=/usr/libexec/gcc/x86_64-pc-linux-gnu/4.5.3/:/usr/libexec/gcc/x86_64-pc-linux-gnu/4.5.3/:/usr/libexec/gcc/x86_64-pc-linux-gnu/:/usr/lib/gcc/x86_64-pc-linux-gnu/4.5.3/:/usr/lib/gcc/x86_64-pc-linux-gnu/:/usr/lib/gcc/x86_64-pc-linux-gnu/4.5.3/../../../../x86_64-pc-linux-gnu/bin/
LIBRARY_PATH=/usr/lib/gcc/x86_64-pc-linux-gnu/4.5.3/:/usr/lib/gcc/x86_64-pc-linux-gnu/4.5.3/../../../../lib64/:/lib/../lib64/:/usr/lib/../lib64/:/opt/intel/composer_xe_2011_sp1.7.256/compiler/lib/intel64/:/opt/intel/composer_xe_2011_sp1.7.256/ipp/../compiler/lib/intel64/:/opt/intel/composer_xe_2011_sp1.7.256/ipp/lib/intel64/:/opt/intel/composer_xe_2011_sp1.7.256/compiler/lib/intel64/:/opt/intel/composer_xe_2011_sp1.7.256/mkl/lib/intel64/:/opt/intel/composer_xe_2011_sp1.7.256/tbb/lib/intel64//cc4.1.0_libc2.4_kernel2.6.16.21/:/opt/intel/composer_xe_2011_sp1.7.256/compiler/lib/intel64/:/opt/intel/composer_xe_2011_sp1.7.256/ipp/../compiler/lib/intel64/:/opt/intel/composer_xe_2011_sp1.7.256/ipp/lib/intel64/:/opt/intel/composer_xe_2011_sp1.7.256/compiler/lib/intel64/:/opt/intel/composer_xe_2011_sp1.7.256/mkl/lib/intel64/:/opt/intel/composer_xe_2011_sp1.7.256/tbb/lib/intel64//cc4.1.0_libc2.4_kernel2.6.16.21/:/usr/lib/gcc/x86_64-pc-linux-gnu/4.5.3/../../../../x86_64-pc-linux-gnu/lib/:/usr/lib/gcc/x86_64-pc-linux-gnu/4.5.3/../../../:/lib/:/usr/lib/
COLLECT_GCC_OPTIONS='-v' '-o' 'cmTryCompileExec' '-rdynamic' '-mtune=generic' '-march=x86-64'
 /usr/libexec/gcc/x86_64-pc-linux-gnu/4.5.3/collect2 --eh-frame-hdr -m elf_x86_64 -export-dynamic -dynamic-linker /lib64/ld-linux-x86-64.so.2 -o cmTryCompileExec /usr/lib/gcc/x86_64-pc-linux-gnu/4.5.3/../../../../lib64/crt1.o /usr/lib/gcc/x86_64-pc-linux-gnu/4.5.3/../../../../lib64/crti.o /usr/lib/gcc/x86_64-pc-linux-gnu/4.5.3/crtbegin.o -L/usr/lib/gcc/x86_64-pc-linux-gnu/4.5.3 -L/usr/lib/gcc/x86_64-pc-linux-gnu/4.5.3/../../../../lib64 -L/lib/../lib64 -L/usr/lib/../lib64 -L/opt/intel/composer_xe_2011_sp1.7.256/compiler/lib/intel64 -L/opt/intel/composer_xe_2011_sp1.7.256/ipp/../compiler/lib/intel64 -L/opt/intel/composer_xe_2011_sp1.7.256/ipp/lib/intel64 -L/opt/intel/composer_xe_2011_sp1.7.256/compiler/lib/intel64 -L/opt/intel/composer_xe_2011_sp1.7.256/mkl/lib/intel64 -L/opt/intel/composer_xe_2011_sp1.7.256/tbb/lib/intel64//cc4.1.0_libc2.4_kernel2.6.16.21 -L/opt/intel/composer_xe_2011_sp1.7.256/compiler/lib/intel64 -L/opt/intel/composer_xe_2011_sp1.7.256/ipp/../compiler/lib/intel64 -L/opt/intel/composer_xe_2011_sp1.7.256/ipp/lib/intel64 -L/opt/intel/composer_xe_2011_sp1.7.256/compiler/lib/intel64 -L/opt/intel/composer_xe_2011_sp1.7.256/mkl/lib/intel64 -L/opt/intel/composer_xe_2011_sp1.7.256/tbb/lib/intel64//cc4.1.0_libc2.4_kernel2.6.16.21 -L/usr/lib/gcc/x86_64-pc-linux-gnu/4.5.3/../../../../x86_64-pc-linux-gnu/lib -L/usr/lib/gcc/x86_64-pc-linux-gnu/4.5.3/../../.. CMakeFiles/cmTryCompileExec.dir/CMakeCCompilerABI.c.o -lgcc --as-needed -lgcc_s --no-as-needed -lc -lgcc --as-needed -lgcc_s --no-as-needed /usr/lib/gcc/x86_64-pc-linux-gnu/4.5.3/crtend.o /usr/lib/gcc/x86_64-pc-linux-gnu/4.5.3/../../../../lib64/crtn.o
gmake[1]: Leaving directory `/home/lovewilliam/Develop/Radio/WaveRadio/build/CMakeFiles/CMakeTmp'


Parsed C implicit link information from above output:
  link line regex: [^( *|.*[/\])(ld|ld|collect2)[^/\]*( |$)]
  ignore line: [Change Dir: /home/lovewilliam/Develop/Radio/WaveRadio/build/CMakeFiles/CMakeTmp]
  ignore line: []
  ignore line: [Run Build Command:/usr/bin/gmake "cmTryCompileExec/fast"]
  ignore line: [/usr/bin/gmake -f CMakeFiles/cmTryCompileExec.dir/build.make CMakeFiles/cmTryCompileExec.dir/build]
  ignore line: [gmake[1]: Entering directory `/home/lovewilliam/Develop/Radio/WaveRadio/build/CMakeFiles/CMakeTmp']
  ignore line: [/usr/bin/cmake -E cmake_progress_report /home/lovewilliam/Develop/Radio/WaveRadio/build/CMakeFiles/CMakeTmp/CMakeFiles 1]
  ignore line: [Building C object CMakeFiles/cmTryCompileExec.dir/CMakeCCompilerABI.c.o]
  ignore line: [/usr/bin/gcc    -o CMakeFiles/cmTryCompileExec.dir/CMakeCCompilerABI.c.o   -c /usr/share/cmake/Modules/CMakeCCompilerABI.c]
  ignore line: [Linking C executable cmTryCompileExec]
  ignore line: [/usr/bin/cmake -E cmake_link_script CMakeFiles/cmTryCompileExec.dir/link.txt --verbose=1]
  ignore line: [/usr/bin/gcc       -v CMakeFiles/cmTryCompileExec.dir/CMakeCCompilerABI.c.o  -o cmTryCompileExec -rdynamic  ]
  ignore line: [Using built-in specs.]
  ignore line: [COLLECT_GCC=/usr/x86_64-pc-linux-gnu/gcc-bin/4.5.3/gcc]
  ignore line: [COLLECT_LTO_WRAPPER=/usr/libexec/gcc/x86_64-pc-linux-gnu/4.5.3/lto-wrapper]
  ignore line: [Target: x86_64-pc-linux-gnu]
  ignore line: [Configured with: /var/tmp/portage/sys-devel/gcc-4.5.3-r2/work/gcc-4.5.3/configure --prefix=/usr --bindir=/usr/x86_64-pc-linux-gnu/gcc-bin/4.5.3 --includedir=/usr/lib/gcc/x86_64-pc-linux-gnu/4.5.3/include --datadir=/usr/share/gcc-data/x86_64-pc-linux-gnu/4.5.3 --mandir=/usr/share/gcc-data/x86_64-pc-linux-gnu/4.5.3/man --infodir=/usr/share/gcc-data/x86_64-pc-linux-gnu/4.5.3/info --with-gxx-include-dir=/usr/lib/gcc/x86_64-pc-linux-gnu/4.5.3/include/g++-v4 --host=x86_64-pc-linux-gnu --build=x86_64-pc-linux-gnu --disable-altivec --disable-fixed-point --without-ppl --without-cloog --enable-lto --enable-nls --without-included-gettext --with-system-zlib --enable-obsolete --disable-werror --enable-secureplt --enable-multilib --enable-libmudflap --disable-libssp --enable-libgomp --with-python-dir=/share/gcc-data/x86_64-pc-linux-gnu/4.5.3/python --enable-checking=release --disable-libgcj --enable-objc-gc --enable-languages=c,c++,objc,obj-c++,fortran --enable-shared --enable-threads=posix --enable-__cxa_atexit --enable-clocale=gnu --enable-targets=all --with-bugurl=http://bugs.gentoo.org/ --with-pkgversion='Gentoo 4.5.3-r2 p1.5, pie-0.4.7']
  ignore line: [Thread model: posix]
  ignore line: [gcc version 4.5.3 (Gentoo 4.5.3-r2 p1.5, pie-0.4.7) ]
  ignore line: [COMPILER_PATH=/usr/libexec/gcc/x86_64-pc-linux-gnu/4.5.3/:/usr/libexec/gcc/x86_64-pc-linux-gnu/4.5.3/:/usr/libexec/gcc/x86_64-pc-linux-gnu/:/usr/lib/gcc/x86_64-pc-linux-gnu/4.5.3/:/usr/lib/gcc/x86_64-pc-linux-gnu/:/usr/lib/gcc/x86_64-pc-linux-gnu/4.5.3/../../../../x86_64-pc-linux-gnu/bin/]
  ignore line: [LIBRARY_PATH=/usr/lib/gcc/x86_64-pc-linux-gnu/4.5.3/:/usr/lib/gcc/x86_64-pc-linux-gnu/4.5.3/../../../../lib64/:/lib/../lib64/:/usr/lib/../lib64/:/opt/intel/composer_xe_2011_sp1.7.256/compiler/lib/intel64/:/opt/intel/composer_xe_2011_sp1.7.256/ipp/../compiler/lib/intel64/:/opt/intel/composer_xe_2011_sp1.7.256/ipp/lib/intel64/:/opt/intel/composer_xe_2011_sp1.7.256/compiler/lib/intel64/:/opt/intel/composer_xe_2011_sp1.7.256/mkl/lib/intel64/:/opt/intel/composer_xe_2011_sp1.7.256/tbb/lib/intel64//cc4.1.0_libc2.4_kernel2.6.16.21/:/opt/intel/composer_xe_2011_sp1.7.256/compiler/lib/intel64/:/opt/intel/composer_xe_2011_sp1.7.256/ipp/../compiler/lib/intel64/:/opt/intel/composer_xe_2011_sp1.7.256/ipp/lib/intel64/:/opt/intel/composer_xe_2011_sp1.7.256/compiler/lib/intel64/:/opt/intel/composer_xe_2011_sp1.7.256/mkl/lib/intel64/:/opt/intel/composer_xe_2011_sp1.7.256/tbb/lib/intel64//cc4.1.0_libc2.4_kernel2.6.16.21/:/usr/lib/gcc/x86_64-pc-linux-gnu/4.5.3/../../../../x86_64-pc-linux-gnu/lib/:/usr/lib/gcc/x86_64-pc-linux-gnu/4.5.3/../../../:/lib/:/usr/lib/]
  ignore line: [COLLECT_GCC_OPTIONS='-v' '-o' 'cmTryCompileExec' '-rdynamic' '-mtune=generic' '-march=x86-64']
  link line: [ /usr/libexec/gcc/x86_64-pc-linux-gnu/4.5.3/collect2 --eh-frame-hdr -m elf_x86_64 -export-dynamic -dynamic-linker /lib64/ld-linux-x86-64.so.2 -o cmTryCompileExec /usr/lib/gcc/x86_64-pc-linux-gnu/4.5.3/../../../../lib64/crt1.o /usr/lib/gcc/x86_64-pc-linux-gnu/4.5.3/../../../../lib64/crti.o /usr/lib/gcc/x86_64-pc-linux-gnu/4.5.3/crtbegin.o -L/usr/lib/gcc/x86_64-pc-linux-gnu/4.5.3 -L/usr/lib/gcc/x86_64-pc-linux-gnu/4.5.3/../../../../lib64 -L/lib/../lib64 -L/usr/lib/../lib64 -L/opt/intel/composer_xe_2011_sp1.7.256/compiler/lib/intel64 -L/opt/intel/composer_xe_2011_sp1.7.256/ipp/../compiler/lib/intel64 -L/opt/intel/composer_xe_2011_sp1.7.256/ipp/lib/intel64 -L/opt/intel/composer_xe_2011_sp1.7.256/compiler/lib/intel64 -L/opt/intel/composer_xe_2011_sp1.7.256/mkl/lib/intel64 -L/opt/intel/composer_xe_2011_sp1.7.256/tbb/lib/intel64//cc4.1.0_libc2.4_kernel2.6.16.21 -L/opt/intel/composer_xe_2011_sp1.7.256/compiler/lib/intel64 -L/opt/intel/composer_xe_2011_sp1.7.256/ipp/../compiler/lib/intel64 -L/opt/intel/composer_xe_2011_sp1.7.256/ipp/lib/intel64 -L/opt/intel/composer_xe_2011_sp1.7.256/compiler/lib/intel64 -L/opt/intel/composer_xe_2011_sp1.7.256/mkl/lib/intel64 -L/opt/intel/composer_xe_2011_sp1.7.256/tbb/lib/intel64//cc4.1.0_libc2.4_kernel2.6.16.21 -L/usr/lib/gcc/x86_64-pc-linux-gnu/4.5.3/../../../../x86_64-pc-linux-gnu/lib -L/usr/lib/gcc/x86_64-pc-linux-gnu/4.5.3/../../.. CMakeFiles/cmTryCompileExec.dir/CMakeCCompilerABI.c.o -lgcc --as-needed -lgcc_s --no-as-needed -lc -lgcc --as-needed -lgcc_s --no-as-needed /usr/lib/gcc/x86_64-pc-linux-gnu/4.5.3/crtend.o /usr/lib/gcc/x86_64-pc-linux-gnu/4.5.3/../../../../lib64/crtn.o]
    arg [/usr/libexec/gcc/x86_64-pc-linux-gnu/4.5.3/collect2] ==> ignore
    arg [--eh-frame-hdr] ==> ignore
    arg [-m] ==> ignore
    arg [elf_x86_64] ==> ignore
    arg [-export-dynamic] ==> ignore
    arg [-dynamic-linker] ==> ignore
    arg [/lib64/ld-linux-x86-64.so.2] ==> ignore
    arg [-o] ==> ignore
    arg [cmTryCompileExec] ==> ignore
    arg [/usr/lib/gcc/x86_64-pc-linux-gnu/4.5.3/../../../../lib64/crt1.o] ==> ignore
    arg [/usr/lib/gcc/x86_64-pc-linux-gnu/4.5.3/../../../../lib64/crti.o] ==> ignore
    arg [/usr/lib/gcc/x86_64-pc-linux-gnu/4.5.3/crtbegin.o] ==> ignore
    arg [-L/usr/lib/gcc/x86_64-pc-linux-gnu/4.5.3] ==> dir [/usr/lib/gcc/x86_64-pc-linux-gnu/4.5.3]
    arg [-L/usr/lib/gcc/x86_64-pc-linux-gnu/4.5.3/../../../../lib64] ==> dir [/usr/lib/gcc/x86_64-pc-linux-gnu/4.5.3/../../../../lib64]
    arg [-L/lib/../lib64] ==> dir [/lib/../lib64]
    arg [-L/usr/lib/../lib64] ==> dir [/usr/lib/../lib64]
    arg [-L/opt/intel/composer_xe_2011_sp1.7.256/compiler/lib/intel64] ==> dir [/opt/intel/composer_xe_2011_sp1.7.256/compiler/lib/intel64]
    arg [-L/opt/intel/composer_xe_2011_sp1.7.256/ipp/../compiler/lib/intel64] ==> dir [/opt/intel/composer_xe_2011_sp1.7.256/ipp/../compiler/lib/intel64]
    arg [-L/opt/intel/composer_xe_2011_sp1.7.256/ipp/lib/intel64] ==> dir [/opt/intel/composer_xe_2011_sp1.7.256/ipp/lib/intel64]
    arg [-L/opt/intel/composer_xe_2011_sp1.7.256/compiler/lib/intel64] ==> dir [/opt/intel/composer_xe_2011_sp1.7.256/compiler/lib/intel64]
    arg [-L/opt/intel/composer_xe_2011_sp1.7.256/mkl/lib/intel64] ==> dir [/opt/intel/composer_xe_2011_sp1.7.256/mkl/lib/intel64]
    arg [-L/opt/intel/composer_xe_2011_sp1.7.256/tbb/lib/intel64//cc4.1.0_libc2.4_kernel2.6.16.21] ==> dir [/opt/intel/composer_xe_2011_sp1.7.256/tbb/lib/intel64//cc4.1.0_libc2.4_kernel2.6.16.21]
    arg [-L/opt/intel/composer_xe_2011_sp1.7.256/compiler/lib/intel64] ==> dir [/opt/intel/composer_xe_2011_sp1.7.256/compiler/lib/intel64]
    arg [-L/opt/intel/composer_xe_2011_sp1.7.256/ipp/../compiler/lib/intel64] ==> dir [/opt/intel/composer_xe_2011_sp1.7.256/ipp/../compiler/lib/intel64]
    arg [-L/opt/intel/composer_xe_2011_sp1.7.256/ipp/lib/intel64] ==> dir [/opt/intel/composer_xe_2011_sp1.7.256/ipp/lib/intel64]
    arg [-L/opt/intel/composer_xe_2011_sp1.7.256/compiler/lib/intel64] ==> dir [/opt/intel/composer_xe_2011_sp1.7.256/compiler/lib/intel64]
    arg [-L/opt/intel/composer_xe_2011_sp1.7.256/mkl/lib/intel64] ==> dir [/opt/intel/composer_xe_2011_sp1.7.256/mkl/lib/intel64]
    arg [-L/opt/intel/composer_xe_2011_sp1.7.256/tbb/lib/intel64//cc4.1.0_libc2.4_kernel2.6.16.21] ==> dir [/opt/intel/composer_xe_2011_sp1.7.256/tbb/lib/intel64//cc4.1.0_libc2.4_kernel2.6.16.21]
    arg [-L/usr/lib/gcc/x86_64-pc-linux-gnu/4.5.3/../../../../x86_64-pc-linux-gnu/lib] ==> dir [/usr/lib/gcc/x86_64-pc-linux-gnu/4.5.3/../../../../x86_64-pc-linux-gnu/lib]
    arg [-L/usr/lib/gcc/x86_64-pc-linux-gnu/4.5.3/../../..] ==> dir [/usr/lib/gcc/x86_64-pc-linux-gnu/4.5.3/../../..]
    arg [CMakeFiles/cmTryCompileExec.dir/CMakeCCompilerABI.c.o] ==> ignore
    arg [-lgcc] ==> lib [gcc]
    arg [--as-needed] ==> ignore
    arg [-lgcc_s] ==> lib [gcc_s]
    arg [--no-as-needed] ==> ignore
    arg [-lc] ==> lib [c]
    arg [-lgcc] ==> lib [gcc]
    arg [--as-needed] ==> ignore
    arg [-lgcc_s] ==> lib [gcc_s]
    arg [--no-as-needed] ==> ignore
    arg [/usr/lib/gcc/x86_64-pc-linux-gnu/4.5.3/crtend.o] ==> ignore
    arg [/usr/lib/gcc/x86_64-pc-linux-gnu/4.5.3/../../../../lib64/crtn.o] ==> ignore
  remove lib [gcc]
  remove lib [gcc_s]
  remove lib [gcc]
  remove lib [gcc_s]
  collapse dir [/usr/lib/gcc/x86_64-pc-linux-gnu/4.5.3] ==> [/usr/lib/gcc/x86_64-pc-linux-gnu/4.5.3]
  collapse dir [/usr/lib/gcc/x86_64-pc-linux-gnu/4.5.3/../../../../lib64] ==> [/usr/lib64]
  collapse dir [/lib/../lib64] ==> [/lib64]
  collapse dir [/usr/lib/../lib64] ==> [/usr/lib64]
  collapse dir [/opt/intel/composer_xe_2011_sp1.7.256/compiler/lib/intel64] ==> [/opt/intel/composer_xe_2011_sp1.7.256/compiler/lib/intel64]
  collapse dir [/opt/intel/composer_xe_2011_sp1.7.256/ipp/../compiler/lib/intel64] ==> [/opt/intel/composer_xe_2011_sp1.7.256/compiler/lib/intel64]
  collapse dir [/opt/intel/composer_xe_2011_sp1.7.256/ipp/lib/intel64] ==> [/opt/intel/composer_xe_2011_sp1.7.256/ipp/lib/intel64]
  collapse dir [/opt/intel/composer_xe_2011_sp1.7.256/compiler/lib/intel64] ==> [/opt/intel/composer_xe_2011_sp1.7.256/compiler/lib/intel64]
  collapse dir [/opt/intel/composer_xe_2011_sp1.7.256/mkl/lib/intel64] ==> [/opt/intel/composer_xe_2011_sp1.7.256/mkl/lib/intel64]
  collapse dir [/opt/intel/composer_xe_2011_sp1.7.256/tbb/lib/intel64//cc4.1.0_libc2.4_kernel2.6.16.21] ==> [/opt/intel/composer_xe_2011_sp1.7.256/tbb/lib/intel64/cc4.1.0_libc2.4_kernel2.6.16.21]
  collapse dir [/opt/intel/composer_xe_2011_sp1.7.256/compiler/lib/intel64] ==> [/opt/intel/composer_xe_2011_sp1.7.256/compiler/lib/intel64]
  collapse dir [/opt/intel/composer_xe_2011_sp1.7.256/ipp/../compiler/lib/intel64] ==> [/opt/intel/composer_xe_2011_sp1.7.256/compiler/lib/intel64]
  collapse dir [/opt/intel/composer_xe_2011_sp1.7.256/ipp/lib/intel64] ==> [/opt/intel/composer_xe_2011_sp1.7.256/ipp/lib/intel64]
  collapse dir [/opt/intel/composer_xe_2011_sp1.7.256/compiler/lib/intel64] ==> [/opt/intel/composer_xe_2011_sp1.7.256/compiler/lib/intel64]
  collapse dir [/opt/intel/composer_xe_2011_sp1.7.256/mkl/lib/intel64] ==> [/opt/intel/composer_xe_2011_sp1.7.256/mkl/lib/intel64]
  collapse dir [/opt/intel/composer_xe_2011_sp1.7.256/tbb/lib/intel64//cc4.1.0_libc2.4_kernel2.6.16.21] ==> [/opt/intel/composer_xe_2011_sp1.7.256/tbb/lib/intel64/cc4.1.0_libc2.4_kernel2.6.16.21]
  collapse dir [/usr/lib/gcc/x86_64-pc-linux-gnu/4.5.3/../../../../x86_64-pc-linux-gnu/lib] ==> [/usr/x86_64-pc-linux-gnu/lib]
  collapse dir [/usr/lib/gcc/x86_64-pc-linux-gnu/4.5.3/../../..] ==> [/usr/lib]
  implicit libs: [c]
  implicit dirs: [/usr/lib/gcc/x86_64-pc-linux-gnu/4.5.3;/usr/lib64;/lib64;/opt/intel/composer_xe_2011_sp1.7.256/compiler/lib/intel64;/opt/intel/composer_xe_2011_sp1.7.256/ipp/lib/intel64;/opt/intel/composer_xe_2011_sp1.7.256/mkl/lib/intel64;/opt/intel/composer_xe_2011_sp1.7.256/tbb/lib/intel64/cc4.1.0_libc2.4_kernel2.6.16.21;/usr/x86_64-pc-linux-gnu/lib;/usr/lib]


Determining if the CXX compiler works passed with the following output:
Change Dir: /home/lovewilliam/Develop/Radio/WaveRadio/build/CMakeFiles/CMakeTmp

Run Build Command:/usr/bin/gmake "cmTryCompileExec/fast"
/usr/bin/gmake -f CMakeFiles/cmTryCompileExec.dir/build.make CMakeFiles/cmTryCompileExec.dir/build
gmake[1]: Entering directory `/home/lovewilliam/Develop/Radio/WaveRadio/build/CMakeFiles/CMakeTmp'
/usr/bin/cmake -E cmake_progress_report /home/lovewilliam/Develop/Radio/WaveRadio/build/CMakeFiles/CMakeTmp/CMakeFiles 1
Building CXX object CMakeFiles/cmTryCompileExec.dir/testCXXCompiler.cxx.o
/usr/bin/c++     -o CMakeFiles/cmTryCompileExec.dir/testCXXCompiler.cxx.o -c /home/lovewilliam/Develop/Radio/WaveRadio/build/CMakeFiles/CMakeTmp/testCXXCompiler.cxx
Linking CXX executable cmTryCompileExec
/usr/bin/cmake -E cmake_link_script CMakeFiles/cmTryCompileExec.dir/link.txt --verbose=1
/usr/bin/c++          CMakeFiles/cmTryCompileExec.dir/testCXXCompiler.cxx.o  -o cmTryCompileExec -rdynamic 
gmake[1]: Leaving directory `/home/lovewilliam/Develop/Radio/WaveRadio/build/CMakeFiles/CMakeTmp'


Detecting CXX compiler ABI info compiled with the following output:
Change Dir: /home/lovewilliam/Develop/Radio/WaveRadio/build/CMakeFiles/CMakeTmp

Run Build Command:/usr/bin/gmake "cmTryCompileExec/fast"
/usr/bin/gmake -f CMakeFiles/cmTryCompileExec.dir/build.make CMakeFiles/cmTryCompileExec.dir/build
gmake[1]: Entering directory `/home/lovewilliam/Develop/Radio/WaveRadio/build/CMakeFiles/CMakeTmp'
/usr/bin/cmake -E cmake_progress_report /home/lovewilliam/Develop/Radio/WaveRadio/build/CMakeFiles/CMakeTmp/CMakeFiles 1
Building CXX object CMakeFiles/cmTryCompileExec.dir/CMakeCXXCompilerABI.cpp.o
/usr/bin/c++     -o CMakeFiles/cmTryCompileExec.dir/CMakeCXXCompilerABI.cpp.o -c /usr/share/cmake/Modules/CMakeCXXCompilerABI.cpp
Linking CXX executable cmTryCompileExec
/usr/bin/cmake -E cmake_link_script CMakeFiles/cmTryCompileExec.dir/link.txt --verbose=1
/usr/bin/c++        -v CMakeFiles/cmTryCompileExec.dir/CMakeCXXCompilerABI.cpp.o  -o cmTryCompileExec -rdynamic  
Using built-in specs.
COLLECT_GCC=/usr/x86_64-pc-linux-gnu/gcc-bin/4.5.3/c++
COLLECT_LTO_WRAPPER=/usr/libexec/gcc/x86_64-pc-linux-gnu/4.5.3/lto-wrapper
Target: x86_64-pc-linux-gnu
Configured with: /var/tmp/portage/sys-devel/gcc-4.5.3-r2/work/gcc-4.5.3/configure --prefix=/usr --bindir=/usr/x86_64-pc-linux-gnu/gcc-bin/4.5.3 --includedir=/usr/lib/gcc/x86_64-pc-linux-gnu/4.5.3/include --datadir=/usr/share/gcc-data/x86_64-pc-linux-gnu/4.5.3 --mandir=/usr/share/gcc-data/x86_64-pc-linux-gnu/4.5.3/man --infodir=/usr/share/gcc-data/x86_64-pc-linux-gnu/4.5.3/info --with-gxx-include-dir=/usr/lib/gcc/x86_64-pc-linux-gnu/4.5.3/include/g++-v4 --host=x86_64-pc-linux-gnu --build=x86_64-pc-linux-gnu --disable-altivec --disable-fixed-point --without-ppl --without-cloog --enable-lto --enable-nls --without-included-gettext --with-system-zlib --enable-obsolete --disable-werror --enable-secureplt --enable-multilib --enable-libmudflap --disable-libssp --enable-libgomp --with-python-dir=/share/gcc-data/x86_64-pc-linux-gnu/4.5.3/python --enable-checking=release --disable-libgcj --enable-objc-gc --enable-languages=c,c++,objc,obj-c++,fortran --enable-shared --enable-threads=posix --enable-__cxa_atexit --enable-clocale=gnu --enable-targets=all --with-bugurl=http://bugs.gentoo.org/ --with-pkgversion='Gentoo 4.5.3-r2 p1.5, pie-0.4.7'
Thread model: posix
gcc version 4.5.3 (Gentoo 4.5.3-r2 p1.5, pie-0.4.7) 
COMPILER_PATH=/usr/libexec/gcc/x86_64-pc-linux-gnu/4.5.3/:/usr/libexec/gcc/x86_64-pc-linux-gnu/4.5.3/:/usr/libexec/gcc/x86_64-pc-linux-gnu/:/usr/lib/gcc/x86_64-pc-linux-gnu/4.5.3/:/usr/lib/gcc/x86_64-pc-linux-gnu/:/usr/lib/gcc/x86_64-pc-linux-gnu/4.5.3/../../../../x86_64-pc-linux-gnu/bin/
LIBRARY_PATH=/usr/lib/gcc/x86_64-pc-linux-gnu/4.5.3/:/usr/lib/gcc/x86_64-pc-linux-gnu/4.5.3/../../../../lib64/:/lib/../lib64/:/usr/lib/../lib64/:/opt/intel/composer_xe_2011_sp1.7.256/compiler/lib/intel64/:/opt/intel/composer_xe_2011_sp1.7.256/ipp/../compiler/lib/intel64/:/opt/intel/composer_xe_2011_sp1.7.256/ipp/lib/intel64/:/opt/intel/composer_xe_2011_sp1.7.256/compiler/lib/intel64/:/opt/intel/composer_xe_2011_sp1.7.256/mkl/lib/intel64/:/opt/intel/composer_xe_2011_sp1.7.256/tbb/lib/intel64//cc4.1.0_libc2.4_kernel2.6.16.21/:/opt/intel/composer_xe_2011_sp1.7.256/compiler/lib/intel64/:/opt/intel/composer_xe_2011_sp1.7.256/ipp/../compiler/lib/intel64/:/opt/intel/composer_xe_2011_sp1.7.256/ipp/lib/intel64/:/opt/intel/composer_xe_2011_sp1.7.256/compiler/lib/intel64/:/opt/intel/composer_xe_2011_sp1.7.256/mkl/lib/intel64/:/opt/intel/composer_xe_2011_sp1.7.256/tbb/lib/intel64//cc4.1.0_libc2.4_kernel2.6.16.21/:/usr/lib/gcc/x86_64-pc-linux-gnu/4.5.3/../../../../x86_64-pc-linux-gnu/lib/:/usr/lib/gcc/x86_64-pc-linux-gnu/4.5.3/../../../:/lib/:/usr/lib/
COLLECT_GCC_OPTIONS='-v' '-o' 'cmTryCompileExec' '-rdynamic' '-shared-libgcc' '-mtune=generic' '-march=x86-64'
 /usr/libexec/gcc/x86_64-pc-linux-gnu/4.5.3/collect2 --eh-frame-hdr -m elf_x86_64 -export-dynamic -dynamic-linker /lib64/ld-linux-x86-64.so.2 -o cmTryCompileExec /usr/lib/gcc/x86_64-pc-linux-gnu/4.5.3/../../../../lib64/crt1.o /usr/lib/gcc/x86_64-pc-linux-gnu/4.5.3/../../../../lib64/crti.o /usr/lib/gcc/x86_64-pc-linux-gnu/4.5.3/crtbegin.o -L/usr/lib/gcc/x86_64-pc-linux-gnu/4.5.3 -L/usr/lib/gcc/x86_64-pc-linux-gnu/4.5.3/../../../../lib64 -L/lib/../lib64 -L/usr/lib/../lib64 -L/opt/intel/composer_xe_2011_sp1.7.256/compiler/lib/intel64 -L/opt/intel/composer_xe_2011_sp1.7.256/ipp/../compiler/lib/intel64 -L/opt/intel/composer_xe_2011_sp1.7.256/ipp/lib/intel64 -L/opt/intel/composer_xe_2011_sp1.7.256/compiler/lib/intel64 -L/opt/intel/composer_xe_2011_sp1.7.256/mkl/lib/intel64 -L/opt/intel/composer_xe_2011_sp1.7.256/tbb/lib/intel64//cc4.1.0_libc2.4_kernel2.6.16.21 -L/opt/intel/composer_xe_2011_sp1.7.256/compiler/lib/intel64 -L/opt/intel/composer_xe_2011_sp1.7.256/ipp/../compiler/lib/intel64 -L/opt/intel/composer_xe_2011_sp1.7.256/ipp/lib/intel64 -L/opt/intel/composer_xe_2011_sp1.7.256/compiler/lib/intel64 -L/opt/intel/composer_xe_2011_sp1.7.256/mkl/lib/intel64 -L/opt/intel/composer_xe_2011_sp1.7.256/tbb/lib/intel64//cc4.1.0_libc2.4_kernel2.6.16.21 -L/usr/lib/gcc/x86_64-pc-linux-gnu/4.5.3/../../../../x86_64-pc-linux-gnu/lib -L/usr/lib/gcc/x86_64-pc-linux-gnu/4.5.3/../../.. CMakeFiles/cmTryCompileExec.dir/CMakeCXXCompilerABI.cpp.o -lstdc++ -lm -lgcc_s -lgcc -lc -lgcc_s -lgcc /usr/lib/gcc/x86_64-pc-linux-gnu/4.5.3/crtend.o /usr/lib/gcc/x86_64-pc-linux-gnu/4.5.3/../../../../lib64/crtn.o
gmake[1]: Leaving directory `/home/lovewilliam/Develop/Radio/WaveRadio/build/CMakeFiles/CMakeTmp'


Parsed CXX implicit link information from above output:
  link line regex: [^( *|.*[/\])(ld|ld|collect2)[^/\]*( |$)]
  ignore line: [Change Dir: /home/lovewilliam/Develop/Radio/WaveRadio/build/CMakeFiles/CMakeTmp]
  ignore line: []
  ignore line: [Run Build Command:/usr/bin/gmake "cmTryCompileExec/fast"]
  ignore line: [/usr/bin/gmake -f CMakeFiles/cmTryCompileExec.dir/build.make CMakeFiles/cmTryCompileExec.dir/build]
  ignore line: [gmake[1]: Entering directory `/home/lovewilliam/Develop/Radio/WaveRadio/build/CMakeFiles/CMakeTmp']
  ignore line: [/usr/bin/cmake -E cmake_progress_report /home/lovewilliam/Develop/Radio/WaveRadio/build/CMakeFiles/CMakeTmp/CMakeFiles 1]
  ignore line: [Building CXX object CMakeFiles/cmTryCompileExec.dir/CMakeCXXCompilerABI.cpp.o]
  ignore line: [/usr/bin/c++     -o CMakeFiles/cmTryCompileExec.dir/CMakeCXXCompilerABI.cpp.o -c /usr/share/cmake/Modules/CMakeCXXCompilerABI.cpp]
  ignore line: [Linking CXX executable cmTryCompileExec]
  ignore line: [/usr/bin/cmake -E cmake_link_script CMakeFiles/cmTryCompileExec.dir/link.txt --verbose=1]
  ignore line: [/usr/bin/c++        -v CMakeFiles/cmTryCompileExec.dir/CMakeCXXCompilerABI.cpp.o  -o cmTryCompileExec -rdynamic  ]
  ignore line: [Using built-in specs.]
  ignore line: [COLLECT_GCC=/usr/x86_64-pc-linux-gnu/gcc-bin/4.5.3/c++]
  ignore line: [COLLECT_LTO_WRAPPER=/usr/libexec/gcc/x86_64-pc-linux-gnu/4.5.3/lto-wrapper]
  ignore line: [Target: x86_64-pc-linux-gnu]
  ignore line: [Configured with: /var/tmp/portage/sys-devel/gcc-4.5.3-r2/work/gcc-4.5.3/configure --prefix=/usr --bindir=/usr/x86_64-pc-linux-gnu/gcc-bin/4.5.3 --includedir=/usr/lib/gcc/x86_64-pc-linux-gnu/4.5.3/include --datadir=/usr/share/gcc-data/x86_64-pc-linux-gnu/4.5.3 --mandir=/usr/share/gcc-data/x86_64-pc-linux-gnu/4.5.3/man --infodir=/usr/share/gcc-data/x86_64-pc-linux-gnu/4.5.3/info --with-gxx-include-dir=/usr/lib/gcc/x86_64-pc-linux-gnu/4.5.3/include/g++-v4 --host=x86_64-pc-linux-gnu --build=x86_64-pc-linux-gnu --disable-altivec --disable-fixed-point --without-ppl --without-cloog --enable-lto --enable-nls --without-included-gettext --with-system-zlib --enable-obsolete --disable-werror --enable-secureplt --enable-multilib --enable-libmudflap --disable-libssp --enable-libgomp --with-python-dir=/share/gcc-data/x86_64-pc-linux-gnu/4.5.3/python --enable-checking=release --disable-libgcj --enable-objc-gc --enable-languages=c,c++,objc,obj-c++,fortran --enable-shared --enable-threads=posix --enable-__cxa_atexit --enable-clocale=gnu --enable-targets=all --with-bugurl=http://bugs.gentoo.org/ --with-pkgversion='Gentoo 4.5.3-r2 p1.5, pie-0.4.7']
  ignore line: [Thread model: posix]
  ignore line: [gcc version 4.5.3 (Gentoo 4.5.3-r2 p1.5, pie-0.4.7) ]
  ignore line: [COMPILER_PATH=/usr/libexec/gcc/x86_64-pc-linux-gnu/4.5.3/:/usr/libexec/gcc/x86_64-pc-linux-gnu/4.5.3/:/usr/libexec/gcc/x86_64-pc-linux-gnu/:/usr/lib/gcc/x86_64-pc-linux-gnu/4.5.3/:/usr/lib/gcc/x86_64-pc-linux-gnu/:/usr/lib/gcc/x86_64-pc-linux-gnu/4.5.3/../../../../x86_64-pc-linux-gnu/bin/]
  ignore line: [LIBRARY_PATH=/usr/lib/gcc/x86_64-pc-linux-gnu/4.5.3/:/usr/lib/gcc/x86_64-pc-linux-gnu/4.5.3/../../../../lib64/:/lib/../lib64/:/usr/lib/../lib64/:/opt/intel/composer_xe_2011_sp1.7.256/compiler/lib/intel64/:/opt/intel/composer_xe_2011_sp1.7.256/ipp/../compiler/lib/intel64/:/opt/intel/composer_xe_2011_sp1.7.256/ipp/lib/intel64/:/opt/intel/composer_xe_2011_sp1.7.256/compiler/lib/intel64/:/opt/intel/composer_xe_2011_sp1.7.256/mkl/lib/intel64/:/opt/intel/composer_xe_2011_sp1.7.256/tbb/lib/intel64//cc4.1.0_libc2.4_kernel2.6.16.21/:/opt/intel/composer_xe_2011_sp1.7.256/compiler/lib/intel64/:/opt/intel/composer_xe_2011_sp1.7.256/ipp/../compiler/lib/intel64/:/opt/intel/composer_xe_2011_sp1.7.256/ipp/lib/intel64/:/opt/intel/composer_xe_2011_sp1.7.256/compiler/lib/intel64/:/opt/intel/composer_xe_2011_sp1.7.256/mkl/lib/intel64/:/opt/intel/composer_xe_2011_sp1.7.256/tbb/lib/intel64//cc4.1.0_libc2.4_kernel2.6.16.21/:/usr/lib/gcc/x86_64-pc-linux-gnu/4.5.3/../../../../x86_64-pc-linux-gnu/lib/:/usr/lib/gcc/x86_64-pc-linux-gnu/4.5.3/../../../:/lib/:/usr/lib/]
  ignore line: [COLLECT_GCC_OPTIONS='-v' '-o' 'cmTryCompileExec' '-rdynamic' '-shared-libgcc' '-mtune=generic' '-march=x86-64']
  link line: [ /usr/libexec/gcc/x86_64-pc-linux-gnu/4.5.3/collect2 --eh-frame-hdr -m elf_x86_64 -export-dynamic -dynamic-linker /lib64/ld-linux-x86-64.so.2 -o cmTryCompileExec /usr/lib/gcc/x86_64-pc-linux-gnu/4.5.3/../../../../lib64/crt1.o /usr/lib/gcc/x86_64-pc-linux-gnu/4.5.3/../../../../lib64/crti.o /usr/lib/gcc/x86_64-pc-linux-gnu/4.5.3/crtbegin.o -L/usr/lib/gcc/x86_64-pc-linux-gnu/4.5.3 -L/usr/lib/gcc/x86_64-pc-linux-gnu/4.5.3/../../../../lib64 -L/lib/../lib64 -L/usr/lib/../lib64 -L/opt/intel/composer_xe_2011_sp1.7.256/compiler/lib/intel64 -L/opt/intel/composer_xe_2011_sp1.7.256/ipp/../compiler/lib/intel64 -L/opt/intel/composer_xe_2011_sp1.7.256/ipp/lib/intel64 -L/opt/intel/composer_xe_2011_sp1.7.256/compiler/lib/intel64 -L/opt/intel/composer_xe_2011_sp1.7.256/mkl/lib/intel64 -L/opt/intel/composer_xe_2011_sp1.7.256/tbb/lib/intel64//cc4.1.0_libc2.4_kernel2.6.16.21 -L/opt/intel/composer_xe_2011_sp1.7.256/compiler/lib/intel64 -L/opt/intel/composer_xe_2011_sp1.7.256/ipp/../compiler/lib/intel64 -L/opt/intel/composer_xe_2011_sp1.7.256/ipp/lib/intel64 -L/opt/intel/composer_xe_2011_sp1.7.256/compiler/lib/intel64 -L/opt/intel/composer_xe_2011_sp1.7.256/mkl/lib/intel64 -L/opt/intel/composer_xe_2011_sp1.7.256/tbb/lib/intel64//cc4.1.0_libc2.4_kernel2.6.16.21 -L/usr/lib/gcc/x86_64-pc-linux-gnu/4.5.3/../../../../x86_64-pc-linux-gnu/lib -L/usr/lib/gcc/x86_64-pc-linux-gnu/4.5.3/../../.. CMakeFiles/cmTryCompileExec.dir/CMakeCXXCompilerABI.cpp.o -lstdc++ -lm -lgcc_s -lgcc -lc -lgcc_s -lgcc /usr/lib/gcc/x86_64-pc-linux-gnu/4.5.3/crtend.o /usr/lib/gcc/x86_64-pc-linux-gnu/4.5.3/../../../../lib64/crtn.o]
    arg [/usr/libexec/gcc/x86_64-pc-linux-gnu/4.5.3/collect2] ==> ignore
    arg [--eh-frame-hdr] ==> ignore
    arg [-m] ==> ignore
    arg [elf_x86_64] ==> ignore
    arg [-export-dynamic] ==> ignore
    arg [-dynamic-linker] ==> ignore
    arg [/lib64/ld-linux-x86-64.so.2] ==> ignore
    arg [-o] ==> ignore
    arg [cmTryCompileExec] ==> ignore
    arg [/usr/lib/gcc/x86_64-pc-linux-gnu/4.5.3/../../../../lib64/crt1.o] ==> ignore
    arg [/usr/lib/gcc/x86_64-pc-linux-gnu/4.5.3/../../../../lib64/crti.o] ==> ignore
    arg [/usr/lib/gcc/x86_64-pc-linux-gnu/4.5.3/crtbegin.o] ==> ignore
    arg [-L/usr/lib/gcc/x86_64-pc-linux-gnu/4.5.3] ==> dir [/usr/lib/gcc/x86_64-pc-linux-gnu/4.5.3]
    arg [-L/usr/lib/gcc/x86_64-pc-linux-gnu/4.5.3/../../../../lib64] ==> dir [/usr/lib/gcc/x86_64-pc-linux-gnu/4.5.3/../../../../lib64]
    arg [-L/lib/../lib64] ==> dir [/lib/../lib64]
    arg [-L/usr/lib/../lib64] ==> dir [/usr/lib/../lib64]
    arg [-L/opt/intel/composer_xe_2011_sp1.7.256/compiler/lib/intel64] ==> dir [/opt/intel/composer_xe_2011_sp1.7.256/compiler/lib/intel64]
    arg [-L/opt/intel/composer_xe_2011_sp1.7.256/ipp/../compiler/lib/intel64] ==> dir [/opt/intel/composer_xe_2011_sp1.7.256/ipp/../compiler/lib/intel64]
    arg [-L/opt/intel/composer_xe_2011_sp1.7.256/ipp/lib/intel64] ==> dir [/opt/intel/composer_xe_2011_sp1.7.256/ipp/lib/intel64]
    arg [-L/opt/intel/composer_xe_2011_sp1.7.256/compiler/lib/intel64] ==> dir [/opt/intel/composer_xe_2011_sp1.7.256/compiler/lib/intel64]
    arg [-L/opt/intel/composer_xe_2011_sp1.7.256/mkl/lib/intel64] ==> dir [/opt/intel/composer_xe_2011_sp1.7.256/mkl/lib/intel64]
    arg [-L/opt/intel/composer_xe_2011_sp1.7.256/tbb/lib/intel64//cc4.1.0_libc2.4_kernel2.6.16.21] ==> dir [/opt/intel/composer_xe_2011_sp1.7.256/tbb/lib/intel64//cc4.1.0_libc2.4_kernel2.6.16.21]
    arg [-L/opt/intel/composer_xe_2011_sp1.7.256/compiler/lib/intel64] ==> dir [/opt/intel/composer_xe_2011_sp1.7.256/compiler/lib/intel64]
    arg [-L/opt/intel/composer_xe_2011_sp1.7.256/ipp/../compiler/lib/intel64] ==> dir [/opt/intel/composer_xe_2011_sp1.7.256/ipp/../compiler/lib/intel64]
    arg [-L/opt/intel/composer_xe_2011_sp1.7.256/ipp/lib/intel64] ==> dir [/opt/intel/composer_xe_2011_sp1.7.256/ipp/lib/intel64]
    arg [-L/opt/intel/composer_xe_2011_sp1.7.256/compiler/lib/intel64] ==> dir [/opt/intel/composer_xe_2011_sp1.7.256/compiler/lib/intel64]
    arg [-L/opt/intel/composer_xe_2011_sp1.7.256/mkl/lib/intel64] ==> dir [/opt/intel/composer_xe_2011_sp1.7.256/mkl/lib/intel64]
    arg [-L/opt/intel/composer_xe_2011_sp1.7.256/tbb/lib/intel64//cc4.1.0_libc2.4_kernel2.6.16.21] ==> dir [/opt/intel/composer_xe_2011_sp1.7.256/tbb/lib/intel64//cc4.1.0_libc2.4_kernel2.6.16.21]
    arg [-L/usr/lib/gcc/x86_64-pc-linux-gnu/4.5.3/../../../../x86_64-pc-linux-gnu/lib] ==> dir [/usr/lib/gcc/x86_64-pc-linux-gnu/4.5.3/../../../../x86_64-pc-linux-gnu/lib]
    arg [-L/usr/lib/gcc/x86_64-pc-linux-gnu/4.5.3/../../..] ==> dir [/usr/lib/gcc/x86_64-pc-linux-gnu/4.5.3/../../..]
    arg [CMakeFiles/cmTryCompileExec.dir/CMakeCXXCompilerABI.cpp.o] ==> ignore
    arg [-lstdc++] ==> lib [stdc++]
    arg [-lm] ==> lib [m]
    arg [-lgcc_s] ==> lib [gcc_s]
    arg [-lgcc] ==> lib [gcc]
    arg [-lc] ==> lib [c]
    arg [-lgcc_s] ==> lib [gcc_s]
    arg [-lgcc] ==> lib [gcc]
    arg [/usr/lib/gcc/x86_64-pc-linux-gnu/4.5.3/crtend.o] ==> ignore
    arg [/usr/lib/gcc/x86_64-pc-linux-gnu/4.5.3/../../../../lib64/crtn.o] ==> ignore
  remove lib [gcc_s]
  remove lib [gcc]
  remove lib [gcc_s]
  remove lib [gcc]
  collapse dir [/usr/lib/gcc/x86_64-pc-linux-gnu/4.5.3] ==> [/usr/lib/gcc/x86_64-pc-linux-gnu/4.5.3]
  collapse dir [/usr/lib/gcc/x86_64-pc-linux-gnu/4.5.3/../../../../lib64] ==> [/usr/lib64]
  collapse dir [/lib/../lib64] ==> [/lib64]
  collapse dir [/usr/lib/../lib64] ==> [/usr/lib64]
  collapse dir [/opt/intel/composer_xe_2011_sp1.7.256/compiler/lib/intel64] ==> [/opt/intel/composer_xe_2011_sp1.7.256/compiler/lib/intel64]
  collapse dir [/opt/intel/composer_xe_2011_sp1.7.256/ipp/../compiler/lib/intel64] ==> [/opt/intel/composer_xe_2011_sp1.7.256/compiler/lib/intel64]
  collapse dir [/opt/intel/composer_xe_2011_sp1.7.256/ipp/lib/intel64] ==> [/opt/intel/composer_xe_2011_sp1.7.256/ipp/lib/intel64]
  collapse dir [/opt/intel/composer_xe_2011_sp1.7.256/compiler/lib/intel64] ==> [/opt/intel/composer_xe_2011_sp1.7.256/compiler/lib/intel64]
  collapse dir [/opt/intel/composer_xe_2011_sp1.7.256/mkl/lib/intel64] ==> [/opt/intel/composer_xe_2011_sp1.7.256/mkl/lib/intel64]
  collapse dir [/opt/intel/composer_xe_2011_sp1.7.256/tbb/lib/intel64//cc4.1.0_libc2.4_kernel2.6.16.21] ==> [/opt/intel/composer_xe_2011_sp1.7.256/tbb/lib/intel64/cc4.1.0_libc2.4_kernel2.6.16.21]
  collapse dir [/opt/intel/composer_xe_2011_sp1.7.256/compiler/lib/intel64] ==> [/opt/intel/composer_xe_2011_sp1.7.256/compiler/lib/intel64]
  collapse dir [/opt/intel/composer_xe_2011_sp1.7.256/ipp/../compiler/lib/intel64] ==> [/opt/intel/composer_xe_2011_sp1.7.256/compiler/lib/intel64]
  collapse dir [/opt/intel/composer_xe_2011_sp1.7.256/ipp/lib/intel64] ==> [/opt/intel/composer_xe_2011_sp1.7.256/ipp/lib/intel64]
  collapse dir [/opt/intel/composer_xe_2011_sp1.7.256/compiler/lib/intel64] ==> [/opt/intel/composer_xe_2011_sp1.7.256/compiler/lib/intel64]
  collapse dir [/opt/intel/composer_xe_2011_sp1.7.256/mkl/lib/intel64] ==> [/opt/intel/composer_xe_2011_sp1.7.256/mkl/lib/intel64]
  collapse dir [/opt/intel/composer_xe_2011_sp1.7.256/tbb/lib/intel64//cc4.1.0_libc2.4_kernel2.6.16.21] ==> [/opt/intel/composer_xe_2011_sp1.7.256/tbb/lib/intel64/cc4.1.0_libc2.4_kernel2.6.16.21]
  collapse dir [/usr/lib/gcc/x86_64-pc-linux-gnu/4.5.3/../../../../x86_64-pc-linux-gnu/lib] ==> [/usr/x86_64-pc-linux-gnu/lib]
  collapse dir [/usr/lib/gcc/x86_64-pc-linux-gnu/4.5.3/../../..] ==> [/usr/lib]
  implicit libs: [stdc++;m;c]
  implicit dirs: [/usr/lib/gcc/x86_64-pc-linux-gnu/4.5.3;/usr/lib64;/lib64;/opt/intel/composer_xe_2011_sp1.7.256/compiler/lib/intel64;/opt/intel/composer_xe_2011_sp1.7.256/ipp/lib/intel64;/opt/intel/composer_xe_2011_sp1.7.256/mkl/lib/intel64;/opt/intel/composer_xe_2011_sp1.7.256/tbb/lib/intel64/cc4.1.0_libc2.4_kernel2.6.16.21;/usr/x86_64-pc-linux-gnu/lib;/usr/lib]


Determining if the Q_WS_X11 exist passed with the following output:
Change Dir: /home/lovewilliam/Develop/Radio/WaveRadio/build/CMakeFiles/CMakeTmp

Run Build Command:/usr/bin/gmake "cmTryCompileExec/fast"
/usr/bin/gmake -f CMakeFiles/cmTryCompileExec.dir/build.make CMakeFiles/cmTryCompileExec.dir/build
gmake[1]: Entering directory `/home/lovewilliam/Develop/Radio/WaveRadio/build/CMakeFiles/CMakeTmp'
/usr/bin/cmake -E cmake_progress_report /home/lovewilliam/Develop/Radio/WaveRadio/build/CMakeFiles/CMakeTmp/CMakeFiles 1
Building CXX object CMakeFiles/cmTryCompileExec.dir/CheckSymbolExists.cxx.o
/usr/bin/c++    -I/usr/include/qt4    -o CMakeFiles/cmTryCompileExec.dir/CheckSymbolExists.cxx.o -c /home/lovewilliam/Develop/Radio/WaveRadio/build/CMakeFiles/CMakeTmp/CheckSymbolExists.cxx
Linking CXX executable cmTryCompileExec
/usr/bin/cmake -E cmake_link_script CMakeFiles/cmTryCompileExec.dir/link.txt --verbose=1
/usr/bin/c++          CMakeFiles/cmTryCompileExec.dir/CheckSymbolExists.cxx.o  -o cmTryCompileExec -rdynamic 
gmake[1]: Leaving directory `/home/lovewilliam/Develop/Radio/WaveRadio/build/CMakeFiles/CMakeTmp'

File /home/lovewilliam/Develop/Radio/WaveRadio/build/CMakeFiles/CMakeTmp/CheckSymbolExists.cxx:
/* */
#include <QtCore/qglobal.h>

void cmakeRequireSymbol(int dummy,...){(void)dummy;}
int main()
{
#ifndef Q_WS_X11
  cmakeRequireSymbol(0,&Q_WS_X11);
#endif
  return 0;
}

The system is: Linux - 3.9.0-gentoo - x86_64
Compiling the C compiler identification source file "CMakeCCompilerId.c" succeeded.
Compiler: /usr/bin/gcc 
Build flags: 
Id flags: 

The output was:
0


Compilation of the C compiler identification source "CMakeCCompilerId.c" produced "a.out"

The C compiler identification is GNU, found in "/home/lovewilliam/Develop/Radio/WaveRadio/build/CMakeFiles/2.8.10.2/CompilerIdC/a.out"

Compiling the CXX compiler identification source file "CMakeCXXCompilerId.cpp" succeeded.
Compiler: /usr/bin/c++ 
Build flags: 
Id flags: 

The output was:
0


Compilation of the CXX compiler identification source "CMakeCXXCompilerId.cpp" produced "a.out"

The CXX compiler identification is GNU, found in "/home/lovewilliam/Develop/Radio/WaveRadio/build/CMakeFiles/2.8.10.2/CompilerIdCXX/a.out"

Detecting C compiler ABI info compiled with the following output:
Change Dir: /home/lovewilliam/Develop/Radio/WaveRadio/build/CMakeFiles/CMakeTmp

Run Build Command:/usr/bin/gmake "cmTryCompileExec3405391164/fast"
gmake[1]: Entering directory `/home/lovewilliam/Develop/Radio/WaveRadio/build/CMakeFiles/CMakeTmp'
/usr/bin/gmake -f CMakeFiles/cmTryCompileExec3405391164.dir/build.make CMakeFiles/cmTryCompileExec3405391164.dir/build
gmake[2]: Entering directory `/home/lovewilliam/Develop/Radio/WaveRadio/build/CMakeFiles/CMakeTmp'
/usr/bin/cmake -E cmake_progress_report /home/lovewilliam/Develop/Radio/WaveRadio/build/CMakeFiles/CMakeTmp/CMakeFiles 1
Building C object CMakeFiles/cmTryCompileExec3405391164.dir/CMakeCCompilerABI.c.o
/usr/bin/gcc    -o CMakeFiles/cmTryCompileExec3405391164.dir/CMakeCCompilerABI.c.o   -c /usr/share/cmake/Modules/CMakeCCompilerABI.c
Linking C executable cmTryCompileExec3405391164
/usr/bin/cmake -E cmake_link_script CMakeFiles/cmTryCompileExec3405391164.dir/link.txt --verbose=1
/usr/bin/gcc       -v CMakeFiles/cmTryCompileExec3405391164.dir/CMakeCCompilerABI.c.o  -o cmTryCompileExec3405391164 -rdynamic  
Using built-in specs.
COLLECT_GCC=/usr/x86_64-pc-linux-gnu/gcc-bin/4.6.3/gcc
COLLECT_LTO_WRAPPER=/usr/libexec/gcc/x86_64-pc-linux-gnu/4.6.3/lto-wrapper
Target: x86_64-pc-linux-gnu
Configured with: /var/tmp/portage/sys-devel/gcc-4.6.3/work/gcc-4.6.3/configure --prefix=/usr --bindir=/usr/x86_64-pc-linux-gnu/gcc-bin/4.6.3 --includedir=/usr/lib/gcc/x86_64-pc-linux-gnu/4.6.3/include --datadir=/usr/share/gcc-data/x86_64-pc-linux-gnu/4.6.3 --mandir=/usr/share/gcc-data/x86_64-pc-linux-gnu/4.6.3/man --infodir=/usr/share/gcc-data/x86_64-pc-linux-gnu/4.6.3/info --with-gxx-include-dir=/usr/lib/gcc/x86_64-pc-linux-gnu/4.6.3/include/g++-v4 --host=x86_64-pc-linux-gnu --build=x86_64-pc-linux-gnu --disable-altivec --disable-fixed-point --without-ppl --without-cloog --enable-lto --enable-nls --without-included-gettext --with-system-zlib --enable-obsolete --disable-werror --enable-secureplt --enable-multilib --enable-libmudflap --disable-libssp --enable-libgomp --with-python-dir=/share/gcc-data/x86_64-pc-linux-gnu/4.6.3/python --enable-checking=release --disable-libgcj --enable-libstdcxx-time --enable-objc-gc --enable-languages=c,c++,objc,obj-c++,fortran --enable-shared --enable-threads=posix --enable-__cxa_atexit --enable-clocale=gnu --enable-targets=all --with-bugurl=http://bugs.gentoo.org/ --with-pkgversion='Gentoo 4.6.3 p1.11, pie-0.5.2'
Thread model: posix
gcc version 4.6.3 (Gentoo 4.6.3 p1.11, pie-0.5.2) 
COMPILER_PATH=/usr/libexec/gcc/x86_64-pc-linux-gnu/4.6.3/:/usr/libexec/gcc/x86_64-pc-linux-gnu/4.6.3/:/usr/libexec/gcc/x86_64-pc-linux-gnu/:/usr/lib/gcc/x86_64-pc-linux-gnu/4.6.3/:/usr/lib/gcc/x86_64-pc-linux-gnu/:/usr/lib/gcc/x86_64-pc-linux-gnu/4.6.3/../../../../x86_64-pc-linux-gnu/bin/
LIBRARY_PATH=/usr/lib/gcc/x86_64-pc-linux-gnu/4.6.3/:/usr/lib/gcc/x86_64-pc-linux-gnu/4.6.3/../../../../lib64/:/lib/../lib64/:/usr/lib/../lib64/:/usr/lib/gcc/x86_64-pc-linux-gnu/4.6.3/../../../../x86_64-pc-linux-gnu/lib/:/usr/lib/gcc/x86_64-pc-linux-gnu/4.6.3/../../../:/lib/:/usr/lib/
COLLECT_GCC_OPTIONS='-v' '-o' 'cmTryCompileExec3405391164' '-rdynamic' '-mtune=generic' '-march=x86-64'
 /usr/libexec/gcc/x86_64-pc-linux-gnu/4.6.3/collect2 --eh-frame-hdr -m elf_x86_64 -export-dynamic -dynamic-linker /lib64/ld-linux-x86-64.so.2 -o cmTryCompileExec3405391164 /usr/lib/gcc/x86_64-pc-linux-gnu/4.6.3/../../../../lib64/crt1.o /usr/lib/gcc/x86_64-pc-linux-gnu/4.6.3/../../../../lib64/crti.o /usr/lib/gcc/x86_64-pc-linux-gnu/4.6.3/crtbegin.o -L/usr/lib/gcc/x86_64-pc-linux-gnu/4.6.3 -L/usr/lib/gcc/x86_64-pc-linux-gnu/4.6.3/../../../../lib64 -L/lib/../lib64 -L/usr/lib/../lib64 -L/usr/lib/gcc/x86_64-pc-linux-gnu/4.6.3/../../../../x86_64-pc-linux-gnu/lib -L/usr/lib/gcc/x86_64-pc-linux-gnu/4.6.3/../../.. CMakeFiles/cmTryCompileExec3405391164.dir/CMakeCCompilerABI.c.o -lgcc --as-needed -lgcc_s --no-as-needed -lc -lgcc --as-needed -lgcc_s --no-as-needed /usr/lib/gcc/x86_64-pc-linux-gnu/4.6.3/crtend.o /usr/lib/gcc/x86_64-pc-linux-gnu/4.6.3/../../../../lib64/crtn.o
gmake[2]: Leaving directory `/home/lovewilliam/Develop/Radio/WaveRadio/build/CMakeFiles/CMakeTmp'
gmake[1]: Leaving directory `/home/lovewilliam/Develop/Radio/WaveRadio/build/CMakeFiles/CMakeTmp'


Parsed C implicit link information from above output:
  link line regex: [^( *|.*[/\])(ld|ld|collect2)[^/\]*( |$)]
  ignore line: [Change Dir: /home/lovewilliam/Develop/Radio/WaveRadio/build/CMakeFiles/CMakeTmp]
  ignore line: []
  ignore line: [Run Build Command:/usr/bin/gmake "cmTryCompileExec3405391164/fast"]
  ignore line: [gmake[1]: Entering directory `/home/lovewilliam/Develop/Radio/WaveRadio/build/CMakeFiles/CMakeTmp']
  ignore line: [/usr/bin/gmake -f CMakeFiles/cmTryCompileExec3405391164.dir/build.make CMakeFiles/cmTryCompileExec3405391164.dir/build]
  ignore line: [gmake[2]: Entering directory `/home/lovewilliam/Develop/Radio/WaveRadio/build/CMakeFiles/CMakeTmp']
  ignore line: [/usr/bin/cmake -E cmake_progress_report /home/lovewilliam/Develop/Radio/WaveRadio/build/CMakeFiles/CMakeTmp/CMakeFiles 1]
  ignore line: [Building C object CMakeFiles/cmTryCompileExec3405391164.dir/CMakeCCompilerABI.c.o]
  ignore line: [/usr/bin/gcc    -o CMakeFiles/cmTryCompileExec3405391164.dir/CMakeCCompilerABI.c.o   -c /usr/share/cmake/Modules/CMakeCCompilerABI.c]
  ignore line: [Linking C executable cmTryCompileExec3405391164]
  ignore line: [/usr/bin/cmake -E cmake_link_script CMakeFiles/cmTryCompileExec3405391164.dir/link.txt --verbose=1]
  ignore line: [/usr/bin/gcc       -v CMakeFiles/cmTryCompileExec3405391164.dir/CMakeCCompilerABI.c.o  -o cmTryCompileExec3405391164 -rdynamic  ]
  ignore line: [Using built-in specs.]
  ignore line: [COLLECT_GCC=/usr/x86_64-pc-linux-gnu/gcc-bin/4.6.3/gcc]
  ignore line: [COLLECT_LTO_WRAPPER=/usr/libexec/gcc/x86_64-pc-linux-gnu/4.6.3/lto-wrapper]
  ignore line: [Target: x86_64-pc-linux-gnu]
  ignore line: [Configured with: /var/tmp/portage/sys-devel/gcc-4.6.3/work/gcc-4.6.3/configure --prefix=/usr --bindir=/usr/x86_64-pc-linux-gnu/gcc-bin/4.6.3 --includedir=/usr/lib/gcc/x86_64-pc-linux-gnu/4.6.3/include --datadir=/usr/share/gcc-data/x86_64-pc-linux-gnu/4.6.3 --mandir=/usr/share/gcc-data/x86_64-pc-linux-gnu/4.6.3/man --infodir=/usr/share/gcc-data/x86_64-pc-linux-gnu/4.6.3/info --with-gxx-include-dir=/usr/lib/gcc/x86_64-pc-linux-gnu/4.6.3/include/g++-v4 --host=x86_64-pc-linux-gnu --build=x86_64-pc-linux-gnu --disable-altivec --disable-fixed-point --without-ppl --without-cloog --enable-lto --enable-nls --without-included-gettext --with-system-zlib --enable-obsolete --disable-werror --enable-secureplt --enable-multilib --enable-libmudflap --disable-libssp --enable-libgomp --with-python-dir=/share/gcc-data/x86_64-pc-linux-gnu/4.6.3/python --enable-checking=release --disable-libgcj --enable-libstdcxx-time --enable-objc-gc --enable-languages=c,c++,objc,obj-c++,fortran --enable-shared --enable-threads=posix --enable-__cxa_atexit --enable-clocale=gnu --enable-targets=all --with-bugurl=http://bugs.gentoo.org/ --with-pkgversion='Gentoo 4.6.3 p1.11, pie-0.5.2']
  ignore line: [Thread model: posix]
  ignore line: [gcc version 4.6.3 (Gentoo 4.6.3 p1.11, pie-0.5.2) ]
  ignore line: [COMPILER_PATH=/usr/libexec/gcc/x86_64-pc-linux-gnu/4.6.3/:/usr/libexec/gcc/x86_64-pc-linux-gnu/4.6.3/:/usr/libexec/gcc/x86_64-pc-linux-gnu/:/usr/lib/gcc/x86_64-pc-linux-gnu/4.6.3/:/usr/lib/gcc/x86_64-pc-linux-gnu/:/usr/lib/gcc/x86_64-pc-linux-gnu/4.6.3/../../../../x86_64-pc-linux-gnu/bin/]
  ignore line: [LIBRARY_PATH=/usr/lib/gcc/x86_64-pc-linux-gnu/4.6.3/:/usr/lib/gcc/x86_64-pc-linux-gnu/4.6.3/../../../../lib64/:/lib/../lib64/:/usr/lib/../lib64/:/usr/lib/gcc/x86_64-pc-linux-gnu/4.6.3/../../../../x86_64-pc-linux-gnu/lib/:/usr/lib/gcc/x86_64-pc-linux-gnu/4.6.3/../../../:/lib/:/usr/lib/]
  ignore line: [COLLECT_GCC_OPTIONS='-v' '-o' 'cmTryCompileExec3405391164' '-rdynamic' '-mtune=generic' '-march=x86-64']
  link line: [ /usr/libexec/gcc/x86_64-pc-linux-gnu/4.6.3/collect2 --eh-frame-hdr -m elf_x86_64 -export-dynamic -dynamic-linker /lib64/ld-linux-x86-64.so.2 -o cmTryCompileExec3405391164 /usr/lib/gcc/x86_64-pc-linux-gnu/4.6.3/../../../../lib64/crt1.o /usr/lib/gcc/x86_64-pc-linux-gnu/4.6.3/../../../../lib64/crti.o /usr/lib/gcc/x86_64-pc-linux-gnu/4.6.3/crtbegin.o -L/usr/lib/gcc/x86_64-pc-linux-gnu/4.6.3 -L/usr/lib/gcc/x86_64-pc-linux-gnu/4.6.3/../../../../lib64 -L/lib/../lib64 -L/usr/lib/../lib64 -L/usr/lib/gcc/x86_64-pc-linux-gnu/4.6.3/../../../../x86_64-pc-linux-gnu/lib -L/usr/lib/gcc/x86_64-pc-linux-gnu/4.6.3/../../.. CMakeFiles/cmTryCompileExec3405391164.dir/CMakeCCompilerABI.c.o -lgcc --as-needed -lgcc_s --no-as-needed -lc -lgcc --as-needed -lgcc_s --no-as-needed /usr/lib/gcc/x86_64-pc-linux-gnu/4.6.3/crtend.o /usr/lib/gcc/x86_64-pc-linux-gnu/4.6.3/../../../../lib64/crtn.o]
    arg [/usr/libexec/gcc/x86_64-pc-linux-gnu/4.6.3/collect2] ==> ignore
    arg [--eh-frame-hdr] ==> ignore
    arg [-m] ==> ignore
    arg [elf_x86_64] ==> ignore
    arg [-export-dynamic] ==> ignore
    arg [-dynamic-linker] ==> ignore
    arg [/lib64/ld-linux-x86-64.so.2] ==> ignore
    arg [-o] ==> ignore
    arg [cmTryCompileExec3405391164] ==> ignore
    arg [/usr/lib/gcc/x86_64-pc-linux-gnu/4.6.3/../../../../lib64/crt1.o] ==> ignore
    arg [/usr/lib/gcc/x86_64-pc-linux-gnu/4.6.3/../../../../lib64/crti.o] ==> ignore
    arg [/usr/lib/gcc/x86_64-pc-linux-gnu/4.6.3/crtbegin.o] ==> ignore
    arg [-L/usr/lib/gcc/x86_64-pc-linux-gnu/4.6.3] ==> dir [/usr/lib/gcc/x86_64-pc-linux-gnu/4.6.3]
    arg [-L/usr/lib/gcc/x86_64-pc-linux-gnu/4.6.3/../../../../lib64] ==> dir [/usr/lib/gcc/x86_64-pc-linux-gnu/4.6.3/../../../../lib64]
    arg [-L/lib/../lib64] ==> dir [/lib/../lib64]
    arg [-L/usr/lib/../lib64] ==> dir [/usr/lib/../lib64]
    arg [-L/usr/lib/gcc/x86_64-pc-linux-gnu/4.6.3/../../../../x86_64-pc-linux-gnu/lib] ==> dir [/usr/lib/gcc/x86_64-pc-linux-gnu/4.6.3/../../../../x86_64-pc-linux-gnu/lib]
    arg [-L/usr/lib/gcc/x86_64-pc-linux-gnu/4.6.3/../../..] ==> dir [/usr/lib/gcc/x86_64-pc-linux-gnu/4.6.3/../../..]
    arg [CMakeFiles/cmTryCompileExec3405391164.dir/CMakeCCompilerABI.c.o] ==> ignore
    arg [-lgcc] ==> lib [gcc]
    arg [--as-needed] ==> ignore
    arg [-lgcc_s] ==> lib [gcc_s]
    arg [--no-as-needed] ==> ignore
    arg [-lc] ==> lib [c]
    arg [-lgcc] ==> lib [gcc]
    arg [--as-needed] ==> ignore
    arg [-lgcc_s] ==> lib [gcc_s]
    arg [--no-as-needed] ==> ignore
    arg [/usr/lib/gcc/x86_64-pc-linux-gnu/4.6.3/crtend.o] ==> ignore
    arg [/usr/lib/gcc/x86_64-pc-linux-gnu/4.6.3/../../../../lib64/crtn.o] ==> ignore
  remove lib [gcc]
  remove lib [gcc_s]
  remove lib [gcc]
  remove lib [gcc_s]
  collapse dir [/usr/lib/gcc/x86_64-pc-linux-gnu/4.6.3] ==> [/usr/lib/gcc/x86_64-pc-linux-gnu/4.6.3]
  collapse dir [/usr/lib/gcc/x86_64-pc-linux-gnu/4.6.3/../../../../lib64] ==> [/usr/lib64]
  collapse dir [/lib/../lib64] ==> [/lib64]
  collapse dir [/usr/lib/../lib64] ==> [/usr/lib64]
  collapse dir [/usr/lib/gcc/x86_64-pc-linux-gnu/4.6.3/../../../../x86_64-pc-linux-gnu/lib] ==> [/usr/x86_64-pc-linux-gnu/lib]
  collapse dir [/usr/lib/gcc/x86_64-pc-linux-gnu/4.6.3/../../..] ==> [/usr/lib]
  implicit libs: [c]
  implicit dirs: [/usr/lib/gcc/x86_64-pc-linux-gnu/4.6.3;/usr/lib64;/lib64;/usr/x86_64-pc-linux-gnu/lib;/usr/lib]


Detecting CXX compiler ABI info compiled with the following output:
Change Dir: /home/lovewilliam/Develop/Radio/WaveRadio/build/CMakeFiles/CMakeTmp

Run Build Command:/usr/bin/gmake "cmTryCompileExec863649725/fast"
gmake[1]: Entering directory `/home/lovewilliam/Develop/Radio/WaveRadio/build/CMakeFiles/CMakeTmp'
/usr/bin/gmake -f CMakeFiles/cmTryCompileExec863649725.dir/build.make CMakeFiles/cmTryCompileExec863649725.dir/build
gmake[2]: Entering directory `/home/lovewilliam/Develop/Radio/WaveRadio/build/CMakeFiles/CMakeTmp'
/usr/bin/cmake -E cmake_progress_report /home/lovewilliam/Develop/Radio/WaveRadio/build/CMakeFiles/CMakeTmp/CMakeFiles 1
Building CXX object CMakeFiles/cmTryCompileExec863649725.dir/CMakeCXXCompilerABI.cpp.o
/usr/bin/c++     -o CMakeFiles/cmTryCompileExec863649725.dir/CMakeCXXCompilerABI.cpp.o -c /usr/share/cmake/Modules/CMakeCXXCompilerABI.cpp
Linking CXX executable cmTryCompileExec863649725
/usr/bin/cmake -E cmake_link_script CMakeFiles/cmTryCompileExec863649725.dir/link.txt --verbose=1
/usr/bin/c++        -v CMakeFiles/cmTryCompileExec863649725.dir/CMakeCXXCompilerABI.cpp.o  -o cmTryCompileExec863649725 -rdynamic  
Using built-in specs.
COLLECT_GCC=/usr/x86_64-pc-linux-gnu/gcc-bin/4.6.3/c++
COLLECT_LTO_WRAPPER=/usr/libexec/gcc/x86_64-pc-linux-gnu/4.6.3/lto-wrapper
Target: x86_64-pc-linux-gnu
Configured with: /var/tmp/portage/sys-devel/gcc-4.6.3/work/gcc-4.6.3/configure --prefix=/usr --bindir=/usr/x86_64-pc-linux-gnu/gcc-bin/4.6.3 --includedir=/usr/lib/gcc/x86_64-pc-linux-gnu/4.6.3/include --datadir=/usr/share/gcc-data/x86_64-pc-linux-gnu/4.6.3 --mandir=/usr/share/gcc-data/x86_64-pc-linux-gnu/4.6.3/man --infodir=/usr/share/gcc-data/x86_64-pc-linux-gnu/4.6.3/info --with-gxx-include-dir=/usr/lib/gcc/x86_64-pc-linux-gnu/4.6.3/include/g++-v4 --host=x86_64-pc-linux-gnu --build=x86_64-pc-linux-gnu --disable-altivec --disable-fixed-point --without-ppl --without-cloog --enable-lto --enable-nls --without-included-gettext --with-system-zlib --enable-obsolete --disable-werror --enable-secureplt --enable-multilib --enable-libmudflap --disable-libssp --enable-libgomp --with-python-dir=/share/gcc-data/x86_64-pc-linux-gnu/4.6.3/python --enable-checking=release --disable-libgcj --enable-libstdcxx-time --enable-objc-gc --enable-languages=c,c++,objc,obj-c++,fortran --enable-shared --enable-threads=posix --enable-__cxa_atexit --enable-clocale=gnu --enable-targets=all --with-bugurl=http://bugs.gentoo.org/ --with-pkgversion='Gentoo 4.6.3 p1.11, pie-0.5.2'
Thread model: posix
gcc version 4.6.3 (Gentoo 4.6.3 p1.11, pie-0.5.2) 
COMPILER_PATH=/usr/libexec/gcc/x86_64-pc-linux-gnu/4.6.3/:/usr/libexec/gcc/x86_64-pc-linux-gnu/4.6.3/:/usr/libexec/gcc/x86_64-pc-linux-gnu/:/usr/lib/gcc/x86_64-pc-linux-gnu/4.6.3/:/usr/lib/gcc/x86_64-pc-linux-gnu/:/usr/lib/gcc/x86_64-pc-linux-gnu/4.6.3/../../../../x86_64-pc-linux-gnu/bin/
LIBRARY_PATH=/usr/lib/gcc/x86_64-pc-linux-gnu/4.6.3/:/usr/lib/gcc/x86_64-pc-linux-gnu/4.6.3/../../../../lib64/:/lib/../lib64/:/usr/lib/../lib64/:/usr/lib/gcc/x86_64-pc-linux-gnu/4.6.3/../../../../x86_64-pc-linux-gnu/lib/:/usr/lib/gcc/x86_64-pc-linux-gnu/4.6.3/../../../:/lib/:/usr/lib/
COLLECT_GCC_OPTIONS='-v' '-o' 'cmTryCompileExec863649725' '-rdynamic' '-shared-libgcc' '-mtune=generic' '-march=x86-64'
 /usr/libexec/gcc/x86_64-pc-linux-gnu/4.6.3/collect2 --eh-frame-hdr -m elf_x86_64 -export-dynamic -dynamic-linker /lib64/ld-linux-x86-64.so.2 -o cmTryCompileExec863649725 /usr/lib/gcc/x86_64-pc-linux-gnu/4.6.3/../../../../lib64/crt1.o /usr/lib/gcc/x86_64-pc-linux-gnu/4.6.3/../../../../lib64/crti.o /usr/lib/gcc/x86_64-pc-linux-gnu/4.6.3/crtbegin.o -L/usr/lib/gcc/x86_64-pc-linux-gnu/4.6.3 -L/usr/lib/gcc/x86_64-pc-linux-gnu/4.6.3/../../../../lib64 -L/lib/../lib64 -L/usr/lib/../lib64 -L/usr/lib/gcc/x86_64-pc-linux-gnu/4.6.3/../../../../x86_64-pc-linux-gnu/lib -L/usr/lib/gcc/x86_64-pc-linux-gnu/4.6.3/../../.. CMakeFiles/cmTryCompileExec863649725.dir/CMakeCXXCompilerABI.cpp.o -lstdc++ -lm -lgcc_s -lgcc -lc -lgcc_s -lgcc /usr/lib/gcc/x86_64-pc-linux-gnu/4.6.3/crtend.o /usr/lib/gcc/x86_64-pc-linux-gnu/4.6.3/../../../../lib64/crtn.o
gmake[2]: Leaving directory `/home/lovewilliam/Develop/Radio/WaveRadio/build/CMakeFiles/CMakeTmp'
gmake[1]: Leaving directory `/home/lovewilliam/Develop/Radio/WaveRadio/build/CMakeFiles/CMakeTmp'


Parsed CXX implicit link information from above output:
  link line regex: [^( *|.*[/\])(ld|ld|collect2)[^/\]*( |$)]
  ignore line: [Change Dir: /home/lovewilliam/Develop/Radio/WaveRadio/build/CMakeFiles/CMakeTmp]
  ignore line: []
  ignore line: [Run Build Command:/usr/bin/gmake "cmTryCompileExec863649725/fast"]
  ignore line: [gmake[1]: Entering directory `/home/lovewilliam/Develop/Radio/WaveRadio/build/CMakeFiles/CMakeTmp']
  ignore line: [/usr/bin/gmake -f CMakeFiles/cmTryCompileExec863649725.dir/build.make CMakeFiles/cmTryCompileExec863649725.dir/build]
  ignore line: [gmake[2]: Entering directory `/home/lovewilliam/Develop/Radio/WaveRadio/build/CMakeFiles/CMakeTmp']
  ignore line: [/usr/bin/cmake -E cmake_progress_report /home/lovewilliam/Develop/Radio/WaveRadio/build/CMakeFiles/CMakeTmp/CMakeFiles 1]
  ignore line: [Building CXX object CMakeFiles/cmTryCompileExec863649725.dir/CMakeCXXCompilerABI.cpp.o]
  ignore line: [/usr/bin/c++     -o CMakeFiles/cmTryCompileExec863649725.dir/CMakeCXXCompilerABI.cpp.o -c /usr/share/cmake/Modules/CMakeCXXCompilerABI.cpp]
  ignore line: [Linking CXX executable cmTryCompileExec863649725]
  ignore line: [/usr/bin/cmake -E cmake_link_script CMakeFiles/cmTryCompileExec863649725.dir/link.txt --verbose=1]
  ignore line: [/usr/bin/c++        -v CMakeFiles/cmTryCompileExec863649725.dir/CMakeCXXCompilerABI.cpp.o  -o cmTryCompileExec863649725 -rdynamic  ]
  ignore line: [Using built-in specs.]
  ignore line: [COLLECT_GCC=/usr/x86_64-pc-linux-gnu/gcc-bin/4.6.3/c++]
  ignore line: [COLLECT_LTO_WRAPPER=/usr/libexec/gcc/x86_64-pc-linux-gnu/4.6.3/lto-wrapper]
  ignore line: [Target: x86_64-pc-linux-gnu]
  ignore line: [Configured with: /var/tmp/portage/sys-devel/gcc-4.6.3/work/gcc-4.6.3/configure --prefix=/usr --bindir=/usr/x86_64-pc-linux-gnu/gcc-bin/4.6.3 --includedir=/usr/lib/gcc/x86_64-pc-linux-gnu/4.6.3/include --datadir=/usr/share/gcc-data/x86_64-pc-linux-gnu/4.6.3 --mandir=/usr/share/gcc-data/x86_64-pc-linux-gnu/4.6.3/man --infodir=/usr/share/gcc-data/x86_64-pc-linux-gnu/4.6.3/info --with-gxx-include-dir=/usr/lib/gcc/x86_64-pc-linux-gnu/4.6.3/include/g++-v4 --host=x86_64-pc-linux-gnu --build=x86_64-pc-linux-gnu --disable-altivec --disable-fixed-point --without-ppl --without-cloog --enable-lto --enable-nls --without-included-gettext --with-system-zlib --enable-obsolete --disable-werror --enable-secureplt --enable-multilib --enable-libmudflap --disable-libssp --enable-libgomp --with-python-dir=/share/gcc-data/x86_64-pc-linux-gnu/4.6.3/python --enable-checking=release --disable-libgcj --enable-libstdcxx-time --enable-objc-gc --enable-languages=c,c++,objc,obj-c++,fortran --enable-shared --enable-threads=posix --enable-__cxa_atexit --enable-clocale=gnu --enable-targets=all --with-bugurl=http://bugs.gentoo.org/ --with-pkgversion='Gentoo 4.6.3 p1.11, pie-0.5.2']
  ignore line: [Thread model: posix]
  ignore line: [gcc version 4.6.3 (Gentoo 4.6.3 p1.11, pie-0.5.2) ]
  ignore line: [COMPILER_PATH=/usr/libexec/gcc/x86_64-pc-linux-gnu/4.6.3/:/usr/libexec/gcc/x86_64-pc-linux-gnu/4.6.3/:/usr/libexec/gcc/x86_64-pc-linux-gnu/:/usr/lib/gcc/x86_64-pc-linux-gnu/4.6.3/:/usr/lib/gcc/x86_64-pc-linux-gnu/:/usr/lib/gcc/x86_64-pc-linux-gnu/4.6.3/../../../../x86_64-pc-linux-gnu/bin/]
  ignore line: [LIBRARY_PATH=/usr/lib/gcc/x86_64-pc-linux-gnu/4.6.3/:/usr/lib/gcc/x86_64-pc-linux-gnu/4.6.3/../../../../lib64/:/lib/../lib64/:/usr/lib/../lib64/:/usr/lib/gcc/x86_64-pc-linux-gnu/4.6.3/../../../../x86_64-pc-linux-gnu/lib/:/usr/lib/gcc/x86_64-pc-linux-gnu/4.6.3/../../../:/lib/:/usr/lib/]
  ignore line: [COLLECT_GCC_OPTIONS='-v' '-o' 'cmTryCompileExec863649725' '-rdynamic' '-shared-libgcc' '-mtune=generic' '-march=x86-64']
  link line: [ /usr/libexec/gcc/x86_64-pc-linux-gnu/4.6.3/collect2 --eh-frame-hdr -m elf_x86_64 -export-dynamic -dynamic-linker /lib64/ld-linux-x86-64.so.2 -o cmTryCompileExec863649725 /usr/lib/gcc/x86_64-pc-linux-gnu/4.6.3/../../../../lib64/crt1.o /usr/lib/gcc/x86_64-pc-linux-gnu/4.6.3/../../../../lib64/crti.o /usr/lib/gcc/x86_64-pc-linux-gnu/4.6.3/crtbegin.o -L/usr/lib/gcc/x86_64-pc-linux-gnu/4.6.3 -L/usr/lib/gcc/x86_64-pc-linux-gnu/4.6.3/../../../../lib64 -L/lib/../lib64 -L/usr/lib/../lib64 -L/usr/lib/gcc/x86_64-pc-linux-gnu/4.6.3/../../../../x86_64-pc-linux-gnu/lib -L/usr/lib/gcc/x86_64-pc-linux-gnu/4.6.3/../../.. CMakeFiles/cmTryCompileExec863649725.dir/CMakeCXXCompilerABI.cpp.o -lstdc++ -lm -lgcc_s -lgcc -lc -lgcc_s -lgcc /usr/lib/gcc/x86_64-pc-linux-gnu/4.6.3/crtend.o /usr/lib/gcc/x86_64-pc-linux-gnu/4.6.3/../../../../lib64/crtn.o]
    arg [/usr/libexec/gcc/x86_64-pc-linux-gnu/4.6.3/collect2] ==> ignore
    arg [--eh-frame-hdr] ==> ignore
    arg [-m] ==> ignore
    arg [elf_x86_64] ==> ignore
    arg [-export-dynamic] ==> ignore
    arg [-dynamic-linker] ==> ignore
    arg [/lib64/ld-linux-x86-64.so.2] ==> ignore
    arg [-o] ==> ignore
    arg [cmTryCompileExec863649725] ==> ignore
    arg [/usr/lib/gcc/x86_64-pc-linux-gnu/4.6.3/../../../../lib64/crt1.o] ==> ignore
    arg [/usr/lib/gcc/x86_64-pc-linux-gnu/4.6.3/../../../../lib64/crti.o] ==> ignore
    arg [/usr/lib/gcc/x86_64-pc-linux-gnu/4.6.3/crtbegin.o] ==> ignore
    arg [-L/usr/lib/gcc/x86_64-pc-linux-gnu/4.6.3] ==> dir [/usr/lib/gcc/x86_64-pc-linux-gnu/4.6.3]
    arg [-L/usr/lib/gcc/x86_64-pc-linux-gnu/4.6.3/../../../../lib64] ==> dir [/usr/lib/gcc/x86_64-pc-linux-gnu/4.6.3/../../../../lib64]
    arg [-L/lib/../lib64] ==> dir [/lib/../lib64]
    arg [-L/usr/lib/../lib64] ==> dir [/usr/lib/../lib64]
    arg [-L/usr/lib/gcc/x86_64-pc-linux-gnu/4.6.3/../../../../x86_64-pc-linux-gnu/lib] ==> dir [/usr/lib/gcc/x86_64-pc-linux-gnu/4.6.3/../../../../x86_64-pc-linux-gnu/lib]
    arg [-L/usr/lib/gcc/x86_64-pc-linux-gnu/4.6.3/../../..] ==> dir [/usr/lib/gcc/x86_64-pc-linux-gnu/4.6.3/../../..]
    arg [CMakeFiles/cmTryCompileExec863649725.dir/CMakeCXXCompilerABI.cpp.o] ==> ignore
    arg [-lstdc++] ==> lib [stdc++]
    arg [-lm] ==> lib [m]
    arg [-lgcc_s] ==> lib [gcc_s]
    arg [-lgcc] ==> lib [gcc]
    arg [-lc] ==> lib [c]
    arg [-lgcc_s] ==> lib [gcc_s]
    arg [-lgcc] ==> lib [gcc]
    arg [/usr/lib/gcc/x86_64-pc-linux-gnu/4.6.3/crtend.o] ==> ignore
    arg [/usr/lib/gcc/x86_64-pc-linux-gnu/4.6.3/../../../../lib64/crtn.o] ==> ignore
  remove lib [gcc_s]
  remove lib [gcc]
  remove lib [gcc_s]
  remove lib [gcc]
  collapse dir [/usr/lib/gcc/x86_64-pc-linux-gnu/4.6.3] ==> [/usr/lib/gcc/x86_64-pc-linux-gnu/4.6.3]
  collapse dir [/usr/lib/gcc/x86_64-pc-linux-gnu/4.6.3/../../../../lib64] ==> [/usr/lib64]
  collapse dir [/lib/../lib64] ==> [/lib64]
  collapse dir [/usr/lib/../lib64] ==> [/usr/lib64]
  collapse dir [/usr/lib/gcc/x86_64-pc-linux-gnu/4.6.3/../../../../x86_64-pc-linux-gnu/lib] ==> [/usr/x86_64-pc-linux-gnu/lib]
  collapse dir [/usr/lib/gcc/x86_64-pc-linux-gnu/4.6.3/../../..] ==> [/usr/lib]
  implicit libs: [stdc++;m;c]
  implicit dirs: [/usr/lib/gcc/x86_64-pc-linux-gnu/4.6.3;/usr/lib64;/lib64;/usr/x86_64-pc-linux-gnu/lib;/usr/lib]


